# JRE version: Java(TM) SE Runtime Environment (18.0.2.1+1) (build 18.0.2.1+1-1)
# Java VM: Java HotSpot(TM) 64-Bit Server VM (18.0.2.1+1-1, mixed mode, emulated-client, sharing, tiered, compressed oops, compressed class ptrs, g1 gc, windows-amd64)
GC Precious Log:
 CardTable entry size: 512
 Card Set container configuration: InlinePtr #cards 5 size 8 Array Of Cards #cards 12 size 40 Howl #buckets 4 coarsen threshold 1843 Howl Bitmap #cards 512 size 80 coarsen threshold 460 Card regions per heap region 1 cards per card region 2048
 CPUs: 8 total, 8 available
 Memory: 8034M
 Large Page Support: Disabled
 NUMA Support: Disabled
 Compressed Oops: Enabled (32-bit)
 Heap Region Size: 1M
 Heap Min Capacity: 8M
 Heap Initial Capacity: 126M
 Heap Max Capacity: 2010M
 Pre-touch: Disabled
 Parallel Workers: 8
 Concurrent Workers: 2
 Concurrent Refinement Workers: 8
 Periodic GC: Disabled
Heap:
 garbage-first heap   total 305152K, used 105902K [0x0000000082600000, 0x0000000100000000)
  region size 1024K, 22 young (22528K), 17 survivors (17408K)
 Metaspace       used 89380K, committed 89792K, reserved 1179648K
  class space    used 11864K, committed 12032K, reserved 1048576K
GC Heap History (20 events):
Event: 44.183 GC heap before
{Heap before GC invocations=23 (full 0):
 garbage-first heap   total 120832K, used 98599K [0x0000000082600000, 0x0000000100000000)
  region size 1024K, 55 young (56320K), 4 survivors (4096K)
 Metaspace       used 76257K, committed 76736K, reserved 1179648K
  class space    used 10362K, committed 10560K, reserved 1048576K
}
Event: 44.198 GC heap after
{Heap after GC invocations=24 (full 0):
 garbage-first heap   total 120832K, used 46021K [0x0000000082600000, 0x0000000100000000)
  region size 1024K, 6 young (6144K), 6 survivors (6144K)
 Metaspace       used 76257K, committed 76736K, reserved 1179648K
  class space    used 10362K, committed 10560K, reserved 1048576K
}
Event: 56.259 GC heap before
{Heap before GC invocations=24 (full 0):
 garbage-first heap   total 120832K, used 98245K [0x0000000082600000, 0x0000000100000000)
  region size 1024K, 55 young (56320K), 6 survivors (6144K)
 Metaspace       used 79405K, committed 79872K, reserved 1179648K
  class space    used 10699K, committed 10944K, reserved 1048576K
}
Event: 56.272 GC heap after
{Heap after GC invocations=25 (full 0):
 garbage-first heap   total 120832K, used 52831K [0x0000000082600000, 0x0000000100000000)
  region size 1024K, 7 young (7168K), 7 survivors (7168K)
 Metaspace       used 79405K, committed 79872K, reserved 1179648K
  class space    used 10699K, committed 10944K, reserved 1048576K
}
Event: 56.685 GC heap before
{Heap before GC invocations=25 (full 0):
 garbage-first heap   total 120832K, used 87647K [0x0000000082600000, 0x0000000100000000)
  region size 1024K, 35 young (35840K), 7 survivors (7168K)
 Metaspace       used 82826K, committed 83392K, reserved 1179648K
  class space    used 11051K, committed 11328K, reserved 1048576K
}
Event: 56.692 GC heap after
{Heap after GC invocations=26 (full 0):
 garbage-first heap   total 120832K, used 63364K [0x0000000082600000, 0x0000000100000000)
  region size 1024K, 6 young (6144K), 6 survivors (6144K)
 Metaspace       used 82826K, committed 83392K, reserved 1179648K
  class space    used 11051K, committed 11328K, reserved 1048576K
}
Event: 57.045 GC heap before
{Heap before GC invocations=27 (full 0):
 garbage-first heap   total 120832K, used 105348K [0x0000000082600000, 0x0000000100000000)
  region size 1024K, 35 young (35840K), 6 survivors (6144K)
 Metaspace       used 83129K, committed 83648K, reserved 1179648K
  class space    used 11086K, committed 11328K, reserved 1048576K
}
Event: 57.050 GC heap after
{Heap after GC invocations=28 (full 0):
 garbage-first heap   total 120832K, used 74049K [0x0000000082600000, 0x0000000100000000)
  region size 1024K, 5 young (5120K), 5 survivors (5120K)
 Metaspace       used 83129K, committed 83648K, reserved 1179648K
  class space    used 11086K, committed 11328K, reserved 1048576K
}
Event: 57.055 GC heap before
{Heap before GC invocations=28 (full 0):
 garbage-first heap   total 120832K, used 75073K [0x0000000082600000, 0x0000000100000000)
  region size 1024K, 6 young (6144K), 5 survivors (5120K)
 Metaspace       used 83129K, committed 83648K, reserved 1179648K
  class space    used 11086K, committed 11328K, reserved 1048576K
}
Event: 57.057 GC heap after
{Heap after GC invocations=29 (full 0):
 garbage-first heap   total 120832K, used 74225K [0x0000000082600000, 0x0000000100000000)
  region size 1024K, 1 young (1024K), 1 survivors (1024K)
 Metaspace       used 83129K, committed 83648K, reserved 1179648K
  class space    used 11086K, committed 11328K, reserved 1048576K
}
Event: 57.127 GC heap before
{Heap before GC invocations=29 (full 0):
 garbage-first heap   total 120832K, used 98801K [0x0000000082600000, 0x0000000100000000)
  region size 1024K, 25 young (25600K), 1 survivors (1024K)
 Metaspace       used 83154K, committed 83712K, reserved 1179648K
  class space    used 11087K, committed 11328K, reserved 1048576K
}
Event: 57.128 GC heap after
{Heap after GC invocations=30 (full 0):
 garbage-first heap   total 120832K, used 73938K [0x0000000082600000, 0x0000000100000000)
  region size 1024K, 1 young (1024K), 1 survivors (1024K)
 Metaspace       used 83154K, committed 83712K, reserved 1179648K
  class space    used 11087K, committed 11328K, reserved 1048576K
}
Event: 57.427 GC heap before
{Heap before GC invocations=31 (full 0):
 garbage-first heap   total 152576K, used 102610K [0x0000000082600000, 0x0000000100000000)
  region size 1024K, 26 young (26624K), 1 survivors (1024K)
 Metaspace       used 83864K, committed 84288K, reserved 1179648K
  class space    used 11182K, committed 11392K, reserved 1048576K
}
Event: 57.430 GC heap after
{Heap after GC invocations=32 (full 0):
 garbage-first heap   total 152576K, used 70653K [0x0000000082600000, 0x0000000100000000)
  region size 1024K, 2 young (2048K), 2 survivors (2048K)
 Metaspace       used 83864K, committed 84288K, reserved 1179648K
  class space    used 11182K, committed 11392K, reserved 1048576K
}
Event: 57.498 GC heap before
{Heap before GC invocations=32 (full 0):
 garbage-first heap   total 152576K, used 75773K [0x0000000082600000, 0x0000000100000000)
  region size 1024K, 7 young (7168K), 2 survivors (2048K)
 Metaspace       used 84306K, committed 84736K, reserved 1179648K
  class space    used 11237K, committed 11456K, reserved 1048576K
}
Event: 57.503 GC heap after
{Heap after GC invocations=33 (full 0):
 garbage-first heap   total 152576K, used 68261K [0x0000000082600000, 0x0000000100000000)
  region size 1024K, 1 young (1024K), 1 survivors (1024K)
 Metaspace       used 84306K, committed 84736K, reserved 1179648K
  class space    used 11237K, committed 11456K, reserved 1048576K
}
Event: 65.261 GC heap before
{Heap before GC invocations=33 (full 0):
 garbage-first heap   total 152576K, used 113317K [0x0000000082600000, 0x0000000100000000)
  region size 1024K, 46 young (47104K), 1 survivors (1024K)
 Metaspace       used 87119K, committed 87552K, reserved 1179648K
  class space    used 11646K, committed 11840K, reserved 1048576K
}
Event: 65.270 GC heap after
{Heap after GC invocations=34 (full 0):
 garbage-first heap   total 305152K, used 71951K [0x0000000082600000, 0x0000000100000000)
  region size 1024K, 5 young (5120K), 5 survivors (5120K)
 Metaspace       used 87119K, committed 87552K, reserved 1179648K
  class space    used 11646K, committed 11840K, reserved 1048576K
}
Event: 216.124 GC heap before
{Heap before GC invocations=34 (full 0):
 garbage-first heap   total 305152K, used 239887K [0x0000000082600000, 0x0000000100000000)
  region size 1024K, 135 young (138240K), 5 survivors (5120K)
 Metaspace       used 89301K, committed 89728K, reserved 1179648K
  class space    used 11857K, committed 12032K, reserved 1048576K
}
Event: 216.137 GC heap after
{Heap after GC invocations=35 (full 0):
 garbage-first heap   total 305152K, used 101806K [0x0000000082600000, 0x0000000100000000)
  region size 1024K, 17 young (17408K), 17 survivors (17408K)
 Metaspace       used 89301K, committed 89728K, reserved 1179648K
  class space    used 11857K, committed 12032K, reserved 1048576K
}

